{
  "stats": {
    "suites": 1,
    "tests": 1,
    "passes": 1,
    "pending": 0,
    "failures": 0,
    "start": "2024-09-02T16:57:48.899Z",
    "end": "2024-09-02T16:58:11.986Z",
    "duration": 23087,
    "testsRegistered": 1,
    "passPercent": 100,
    "pendingPercent": 0,
    "other": 0,
    "hasOther": false,
    "skipped": 0,
    "hasSkipped": false
  },
  "results": [
    {
      "uuid": "ebb2cf85-42da-471a-ae65-80548d2c710b",
      "title": "",
      "fullFile": "cypress/e2e/eCommerce.cy.js",
      "file": "cypress/e2e/eCommerce.cy.js",
      "beforeHooks": [],
      "afterHooks": [],
      "tests": [],
      "suites": [
        {
          "uuid": "f867503b-7367-4fc9-bae2-c2fa147d672f",
          "title": "E-commerce Product Checkout ",
          "fullFile": "",
          "file": "",
          "beforeHooks": [],
          "afterHooks": [],
          "tests": [
            {
              "title": "Should search for a product",
              "fullTitle": "E-commerce Product Checkout  Should search for a product",
              "timedOut": null,
              "duration": 20544,
              "state": "passed",
              "speed": "slow",
              "pass": true,
              "fail": false,
              "pending": false,
              "context": null,
              "code": "eCommerce.searchAndAddProductToCart();",
              "err": {},
              "uuid": "49ad85fa-f5bf-4661-9a93-e13b97a0acbf",
              "parentUUID": "f867503b-7367-4fc9-bae2-c2fa147d672f",
              "isHook": false,
              "skipped": false
            }
          ],
          "suites": [],
          "passes": [
            "49ad85fa-f5bf-4661-9a93-e13b97a0acbf"
          ],
          "failures": [],
          "pending": [],
          "skipped": [],
          "duration": 20544,
          "root": false,
          "rootEmpty": false,
          "_timeout": 2000
        }
      ],
      "passes": [],
      "failures": [],
      "pending": [],
      "skipped": [],
      "duration": 0,
      "root": true,
      "rootEmpty": true,
      "_timeout": 2000
    }
  ],
  "meta": {
    "mocha": {
      "version": "7.0.1"
    },
    "mochawesome": {
      "options": {
        "quiet": false,
        "reportFilename": "mochawesome",
        "saveHtml": false,
        "saveJson": true,
        "consoleReporter": "spec",
        "useInlineDiffs": false,
        "code": true
      },
      "version": "7.1.3"
    },
    "marge": {
      "options": {
        "reportDir": "cypress/reports/.jsons",
        "charts": true,
        "reportPageTitle": "E-commerce Test Report",
        "embeddedScreenshots": true,
        "html": false,
        "json": true,
        "inlineAssets": true,
        "overwrite": false
      },
      "version": "6.2.0"
    }
  }
}