{
  "stats": {
    "suites": 1,
    "tests": 1,
    "passes": 1,
    "pending": 0,
    "failures": 0,
    "start": "2024-09-02T17:10:53.529Z",
    "end": "2024-09-02T17:11:13.800Z",
    "duration": 20271,
    "testsRegistered": 1,
    "passPercent": 100,
    "pendingPercent": 0,
    "other": 0,
    "hasOther": false,
    "skipped": 0,
    "hasSkipped": false
  },
  "results": [
    {
      "uuid": "91b9aeff-7312-4954-a8a7-38b31e650906",
      "title": "",
      "fullFile": "cypress/e2e/eCommerce.cy.js",
      "file": "cypress/e2e/eCommerce.cy.js",
      "beforeHooks": [],
      "afterHooks": [],
      "tests": [],
      "suites": [
        {
          "uuid": "f9162e99-4516-4d12-9355-5035e576021e",
          "title": "E-commerce Product Checkout ",
          "fullFile": "",
          "file": "",
          "beforeHooks": [],
          "afterHooks": [],
          "tests": [
            {
              "title": "Should search for a product, Add product to cart, Checkout a product",
              "fullTitle": "E-commerce Product Checkout  Should search for a product, Add product to cart, Checkout a product",
              "timedOut": null,
              "duration": 17709,
              "state": "passed",
              "speed": "slow",
              "pass": true,
              "fail": false,
              "pending": false,
              "context": null,
              "code": "eCommerce.searchAndAddProductToCart();",
              "err": {},
              "uuid": "aa35d8bc-7942-4d2e-9cb6-add53001d484",
              "parentUUID": "f9162e99-4516-4d12-9355-5035e576021e",
              "isHook": false,
              "skipped": false
            }
          ],
          "suites": [],
          "passes": [
            "aa35d8bc-7942-4d2e-9cb6-add53001d484"
          ],
          "failures": [],
          "pending": [],
          "skipped": [],
          "duration": 17709,
          "root": false,
          "rootEmpty": false,
          "_timeout": 2000
        }
      ],
      "passes": [],
      "failures": [],
      "pending": [],
      "skipped": [],
      "duration": 0,
      "root": true,
      "rootEmpty": true,
      "_timeout": 2000
    }
  ],
  "meta": {
    "mocha": {
      "version": "7.0.1"
    },
    "mochawesome": {
      "options": {
        "quiet": false,
        "reportFilename": "mochawesome",
        "saveHtml": false,
        "saveJson": true,
        "consoleReporter": "spec",
        "useInlineDiffs": false,
        "code": true
      },
      "version": "7.1.3"
    },
    "marge": {
      "options": {
        "reportDir": "cypress/reports/.jsons",
        "charts": true,
        "reportPageTitle": "E-commerce Test Report",
        "embeddedScreenshots": true,
        "overwrite": false,
        "html": false,
        "json": true,
        "inlineAssets": true
      },
      "version": "6.2.0"
    }
  }
}